getTotalEnqueueCount() in JMSMessageConsumerTest is flaky
{code}
org.apache.falcon.messaging.JMSMessageConsumerTest
testSubscriber(org.apache.falcon.messaging.JMSMessageConsumerTest)  Time elapsed: 0.732 sec  <<< FAILURE!
java.lang.AssertionError: expected:<11> but was:<10>
	at org.testng.Assert.fail(Assert.java:89)
	at org.testng.Assert.failNotEquals(Assert.java:489)
	at org.testng.Assert.assertEquals(Assert.java:118)
	at org.testng.Assert.assertEquals(Assert.java:260)
	at org.testng.Assert.assertEquals(Assert.java:270)
	at org.apache.falcon.messaging.JMSMessageConsumerTest.testSubscriber(JMSMessageConsumerTest.java:145)

{code}

{code}
Running org.apache.falcon.messaging.JMSMessageConsumerTest
Tests run: 3, Failures: 2, Errors: 0, Skipped: 0, Time elapsed: 5.474 sec <<< FAILURE! - in org.apache.falcon.messaging.JMSMessageConsumerTest
testJMSMessagesForOozieCoord(org.apache.falcon.messaging.JMSMessageConsumerTest)  Time elapsed: 0.076 sec  <<< FAILURE!
java.lang.AssertionError: expected:<12> but was:<11>
	at org.testng.Assert.fail(Assert.java:89)
	at org.testng.Assert.failNotEquals(Assert.java:489)
	at org.testng.Assert.assertEquals(Assert.java:118)
	at org.testng.Assert.assertEquals(Assert.java:260)
	at org.testng.Assert.assertEquals(Assert.java:270)
	at org.apache.falcon.messaging.JMSMessageConsumerTest.testJMSMessagesForOozieCoord(JMSMessageConsumerTest.java:267)

{code}