Exception :
{code}
testProcessMessageCreator(org.apache.falcon.oozie.workflow.FalconPostProcessingTest)  Time elapsed: 0.608 sec  <<< FAILURE!
java.lang.AssertionError: expected:<out-click-logs> but was:<out-raw-logs>
        at org.testng.Assert.fail(Assert.java:89)
        at org.testng.Assert.failNotEquals(Assert.java:489)
        at org.testng.Assert.assertEquals(Assert.java:118)
        at org.testng.Assert.assertEquals(Assert.java:171)
        at org.testng.Assert.assertEquals(Assert.java:181)
        at org.apache.falcon.oozie.workflow.FalconPostProcessingTest.verifyMesssage(FalconPostProcessingTest.java:196)
        at org.apache.falcon.oozie.workflow.FalconPostProcessingTest.consumer(FalconPostProcessingTest.java:179)
        at org.apache.falcon.oozie.workflow.FalconPostProcessingTest.access$000(FalconPostProcessingTest.java:44)
{code}