I see the following UT fail sporadically :
{code}
Running org.apache.falcon.security.CurrentUserTest
Tests run: 46, Failures: 1, Errors: 0, Skipped: 45, Time elapsed: 1.635 sec <<< FAILURE! - in org.apache.falcon.security.CurrentUserTest
setUp(org.apache.falcon.security.CurrentUserTest)  Time elapsed: 1.266 sec  <<< FAILURE!
org.apache.falcon.FalconException: falcon.service.ProxyUserService.proxyuser.falcon.service.ProxyUserService.proxyuser.foo.groups property not set in runtime properties. Please add it.
	at org.apache.falcon.service.ProxyUserService.init(ProxyUserService.java:97)
	at org.apache.falcon.security.CurrentUserTest.setUp(CurrentUserTest.java:51)
{code}

{code}
Running org.apache.falcon.service.ProxyUserServiceTest
Tests run: 13, Failures: 1, Errors: 0, Skipped: 0, Time elapsed: 1.775 sec <<< FAILURE! - in org.apache.falcon.service.ProxyUserServiceTest
testInvalidGroup(org.apache.falcon.service.ProxyUserServiceTest)  Time elapsed: 0.027 sec  <<< FAILURE!
org.testng.TestException: 
Expected exception java.security.AccessControlException but got org.apache.falcon.FalconException: falcon.service.ProxyUserService.proxyuser.falcon.service.ProxyUserService.proxyuser.foo.groups property not set in runtime properties. Please add it.
at org.apache.falcon.service.ProxyUserService.init(ProxyUserService.java:97)
at org.apache.falcon.service.ProxyUserServiceTest.testInvalidGroup(ProxyUserServiceTest.java:149)
{code}