{code}
Tests run: 9, Failures: 0, Errors: 1, Skipped: 0, Time elapsed: 180.029 sec <<< FAILURE! - in org.apache.zeppelin.integration.ParagraphActionsIT
testEditOnDoubleClick(org.apache.zeppelin.integration.ParagraphActionsIT)  Time elapsed: 36.191 sec  <<< ERROR!
org.openqa.selenium.ElementNotVisibleException: Element is not currently visible and so may not be interacted with
Command duration or timeout: 30.04 seconds
Build info: version: '2.48.2', revision: '41bccdd10cf2c0560f637404c2d96164b67d9d67', time: '2015-10-09 13:08:06'
System info: host: 'testing-worker-linux-docker-04e1c29d-3463-linux-2', ip: '172.17.15.102', os.name: 'Linux', os.arch: 'amd64', os.version: '3.13.0-40-generic', java.version: '1.7.0_76'
Session ID: e8518c85-d33b-4838-859a-a8c033bd6bf9
Driver info: org.openqa.selenium.firefox.FirefoxDriver
Capabilities [{platform=LINUX, acceptSslCerts=true, javascriptEnabled=true, cssSelectorsEnabled=true, databaseEnabled=true, browserName=firefox, handlesAlerts=true, nativeEvents=false, webStorageEnabled=true, rotatable=false, locationContextEnabled=true, applicationCacheEnabled=true, takesScreenshot=true, version=31.0}]
	at sun.reflect.NativeConstructorAccessorImpl.newInstance0(Native Method)
	at sun.reflect.NativeConstructorAccessorImpl.newInstance(NativeConstructorAccessorImpl.java:57)
	at sun.reflect.DelegatingConstructorAccessorImpl.newInstance(DelegatingConstructorAccessorImpl.java:45)
	at java.lang.reflect.Constructor.newInstance(Constructor.java:526)
	at org.openqa.selenium.remote.ErrorHandler.createThrowable(ErrorHandler.java:206)
	at org.openqa.selenium.remote.ErrorHandler.throwIfResponseFailed(ErrorHandler.java:158)
	at org.openqa.selenium.remote.RemoteWebDriver.execute(RemoteWebDriver.java:647)
	at org.openqa.selenium.remote.RemoteWebElement.execute(RemoteWebElement.java:326)
	at org.openqa.selenium.remote.RemoteWebElement.sendKeys(RemoteWebElement.java:121)
	at org.apache.zeppelin.integration.ParagraphActionsIT.testEditOnDoubleClick(ParagraphActionsIT.java:443)
Caused by: org.openqa.selenium.ElementNotVisibleException: Element is not currently visible and so may not be interacted with
Build info: version: '2.48.2', revision: '41bccdd10cf2c0560f637404c2d96164b67d9d67', time: '2015-10-09 13:08:06'
System info: host: 'testing-worker-linux-docker-04e1c29d-3463-linux-2', ip: '172.17.15.102', os.name: 'Linux', os.arch: 'amd64', os.version: '3.13.0-40-generic', java.version: '1.7.0_76'
Driver info: driver.version: unknown
	at <anonymous class>.fxdriver.preconditions.visible(file:///tmp/anonymous4552664496207070894webdriver-profile/extensions/fxdriver@googlecode.com/components/command-processor.js:9981)
	at <anonymous class>.DelayedCommand.prototype.checkPreconditions_(file:///tmp/anonymous4552664496207070894webdriver-profile/extensions/fxdriver@googlecode.com/components/command-processor.js:12517)
	at <anonymous class>.DelayedCommand.prototype.executeInternal_/h(file:///tmp/anonymous4552664496207070894webdriver-profile/extensions/fxdriver@googlecode.com/components/command-processor.js:12534)
	at <anonymous class>.fxdriver.Timer.prototype.setTimeout/<.notify(file:///tmp/anonymous4552664496207070894webdriver-profile/extensions/fxdriver@googlecode.com/components/command-processor.js:621)

Results :

Tests in error: 
  ParagraphActionsIT.testEditOnDoubleClick:443 Â» ElementNotVisible Element is no...

Tests run: 17, Failures: 0, Errors: 1, Skipped: 0
{code}